<?xml version="1.0" encoding="UTF-8"?>
<testng-results ignored="0" total="1" passed="1" failed="0" skipped="0">
  <reporter-output>
  </reporter-output>
  <suite started-at="2025-07-22T11:10:42 IST" name="Default suite" finished-at="2025-07-22T11:10:42 IST" duration-ms="72">
    <groups>
    </groups>
    <test started-at="2025-07-22T11:10:42 IST" name="Default test" finished-at="2025-07-22T11:10:42 IST" duration-ms="72">
      <class name="javaLecture1">
        <test-method signature="streamCollect()[pri:0, instance:javaLecture1@158da8e]" started-at="2025-07-22T11:10:42 IST" name="streamCollect" finished-at="2025-07-22T11:10:42 IST" duration-ms="17" status="PASS">
          <reporter-output>
          </reporter-output>
        </test-method> <!-- streamCollect -->
      </class> <!-- javaLecture1 -->
    </test> <!-- Default test -->
  </suite> <!-- Default suite -->
</testng-results>
